INFO - 2023-12-13 22:25:51 --> Session: Class initialized using 'CodeIgniter\Session\Handlers\FileHandler' driver.
INFO - 2023-12-13 22:25:51 --> Session: Class initialized using 'CodeIgniter\Session\Handlers\FileHandler' driver.
INFO - 2023-12-13 22:26:13 --> Session: Class initialized using 'CodeIgniter\Session\Handlers\FileHandler' driver.
INFO - 2023-12-13 22:26:47 --> Session: Class initialized using 'CodeIgniter\Session\Handlers\FileHandler' driver.
INFO - 2023-12-13 22:27:06 --> Session: Class initialized using 'CodeIgniter\Session\Handlers\FileHandler' driver.
INFO - 2023-12-13 22:27:10 --> Session: Class initialized using 'CodeIgniter\Session\Handlers\FileHandler' driver.
INFO - 2023-12-13 22:27:54 --> Session: Class initialized using 'CodeIgniter\Session\Handlers\FileHandler' driver.
INFO - 2023-12-13 22:28:19 --> Session: Class initialized using 'CodeIgniter\Session\Handlers\FileHandler' driver.
INFO - 2023-12-13 22:35:15 --> Session: Class initialized using 'CodeIgniter\Session\Handlers\FileHandler' driver.
INFO - 2023-12-13 22:35:51 --> Session: Class initialized using 'CodeIgniter\Session\Handlers\FileHandler' driver.
CRITICAL - 2023-12-13 22:35:57 --> Too few arguments to function App\Controllers\Home::screenUpdateUser(), 0 passed in C:\laragon\www\atividade04\system\CodeIgniter.php on line 942 and exactly 1 expected
in APPPATH\Controllers\Home.php on line 45.
 1 SYSTEMPATH\CodeIgniter.php(942): App\Controllers\Home->screenUpdateUser()
 2 SYSTEMPATH\CodeIgniter.php(502): CodeIgniter\CodeIgniter->runController(Object(App\Controllers\Home))
 3 SYSTEMPATH\CodeIgniter.php(361): CodeIgniter\CodeIgniter->handleRequest(null, Object(Config\Cache), false)
 4 FCPATH\index.php(79): CodeIgniter\CodeIgniter->run()
INFO - 2023-12-13 22:41:19 --> Session: Class initialized using 'CodeIgniter\Session\Handlers\FileHandler' driver.
INFO - 2023-12-13 23:02:23 --> Session: Class initialized using 'CodeIgniter\Session\Handlers\FileHandler' driver.
INFO - 2023-12-13 23:03:36 --> Session: Class initialized using 'CodeIgniter\Session\Handlers\FileHandler' driver.
INFO - 2023-12-13 23:03:50 --> Session: Class initialized using 'CodeIgniter\Session\Handlers\FileHandler' driver.
ERROR - 2023-12-13 23:04:32 --> mysqli_sql_exception: Duplicate entry 'jh@hotmaill.com' for key 'users.email' in C:\laragon\www\atividade04\system\Database\MySQLi\Connection.php:306
Stack trace:
#0 C:\laragon\www\atividade04\system\Database\MySQLi\Connection.php(306): mysqli->query('UPDATE users se...', 0)
#1 C:\laragon\www\atividade04\system\Database\BaseConnection.php(693): CodeIgniter\Database\MySQLi\Connection->execute('UPDATE users se...')
#2 C:\laragon\www\atividade04\system\Database\BaseConnection.php(607): CodeIgniter\Database\BaseConnection->simpleQuery('UPDATE users se...')
#3 C:\laragon\www\atividade04\app\Models\UsersModel.php(39): CodeIgniter\Database\BaseConnection->query('UPDATE users se...')
#4 C:\laragon\www\atividade04\app\Controllers\Home.php(57): App\Models\UsersModel->updateAllDatesUser(Array, '2cfd4560539f887...')
#5 C:\laragon\www\atividade04\system\CodeIgniter.php(942): App\Controllers\Home->updateUser('17')
#6 C:\laragon\www\atividade04\system\CodeIgniter.php(502): CodeIgniter\CodeIgniter->runController(Object(App\Controllers\Home))
#7 C:\laragon\www\atividade04\system\CodeIgniter.php(361): CodeIgniter\CodeIgniter->handleRequest(NULL, Object(Config\Cache), false)
#8 C:\laragon\www\atividade04\public\index.php(79): CodeIgniter\CodeIgniter->run()
#9 {main}
CRITICAL - 2023-12-13 23:04:32 --> Duplicate entry 'jh@hotmaill.com' for key 'users.email'
in SYSTEMPATH\Database\BaseConnection.php on line 647.
 1 APPPATH\Models\UsersModel.php(39): CodeIgniter\Database\BaseConnection->query('UPDATE users set nome = \'jose henrique\', email = \'jh@hotmaill.com\', senha = \'2cfd4560539f887a5e420412b370b361\';')
 2 APPPATH\Controllers\Home.php(57): App\Models\UsersModel->updateAllDatesUser([...], '2cfd4560539f887a5e420412b370b361')
 3 SYSTEMPATH\CodeIgniter.php(942): App\Controllers\Home->updateUser('17')
 4 SYSTEMPATH\CodeIgniter.php(502): CodeIgniter\CodeIgniter->runController(Object(App\Controllers\Home))
 5 SYSTEMPATH\CodeIgniter.php(361): CodeIgniter\CodeIgniter->handleRequest(null, Object(Config\Cache), false)
 6 FCPATH\index.php(79): CodeIgniter\CodeIgniter->run()
ERROR - 2023-12-13 23:05:38 --> mysqli_sql_exception: Duplicate entry 'jh@hotmaill.com' for key 'users.email' in C:\laragon\www\atividade04\system\Database\MySQLi\Connection.php:306
Stack trace:
#0 C:\laragon\www\atividade04\system\Database\MySQLi\Connection.php(306): mysqli->query('UPDATE users se...', 0)
#1 C:\laragon\www\atividade04\system\Database\BaseConnection.php(693): CodeIgniter\Database\MySQLi\Connection->execute('UPDATE users se...')
#2 C:\laragon\www\atividade04\system\Database\BaseConnection.php(607): CodeIgniter\Database\BaseConnection->simpleQuery('UPDATE users se...')
#3 C:\laragon\www\atividade04\app\Models\UsersModel.php(39): CodeIgniter\Database\BaseConnection->query('UPDATE users se...')
#4 C:\laragon\www\atividade04\app\Controllers\Home.php(57): App\Models\UsersModel->updateAllDatesUser(Array, '2cfd4560539f887...')
#5 C:\laragon\www\atividade04\system\CodeIgniter.php(942): App\Controllers\Home->updateUser('17')
#6 C:\laragon\www\atividade04\system\CodeIgniter.php(502): CodeIgniter\CodeIgniter->runController(Object(App\Controllers\Home))
#7 C:\laragon\www\atividade04\system\CodeIgniter.php(361): CodeIgniter\CodeIgniter->handleRequest(NULL, Object(Config\Cache), false)
#8 C:\laragon\www\atividade04\public\index.php(79): CodeIgniter\CodeIgniter->run()
#9 {main}
CRITICAL - 2023-12-13 23:05:38 --> Duplicate entry 'jh@hotmaill.com' for key 'users.email'
in SYSTEMPATH\Database\BaseConnection.php on line 647.
 1 APPPATH\Models\UsersModel.php(39): CodeIgniter\Database\BaseConnection->query('UPDATE users set nome = \'jose henrique\', email = \'jh@hotmaill.com\', senha = \'2cfd4560539f887a5e420412b370b361\';')
 2 APPPATH\Controllers\Home.php(57): App\Models\UsersModel->updateAllDatesUser([...], '2cfd4560539f887a5e420412b370b361')
 3 SYSTEMPATH\CodeIgniter.php(942): App\Controllers\Home->updateUser('17')
 4 SYSTEMPATH\CodeIgniter.php(502): CodeIgniter\CodeIgniter->runController(Object(App\Controllers\Home))
 5 SYSTEMPATH\CodeIgniter.php(361): CodeIgniter\CodeIgniter->handleRequest(null, Object(Config\Cache), false)
 6 FCPATH\index.php(79): CodeIgniter\CodeIgniter->run()
INFO - 2023-12-13 23:09:26 --> Session: Class initialized using 'CodeIgniter\Session\Handlers\FileHandler' driver.
INFO - 2023-12-13 23:10:11 --> Session: Class initialized using 'CodeIgniter\Session\Handlers\FileHandler' driver.
INFO - 2023-12-13 23:18:31 --> Session: Class initialized using 'CodeIgniter\Session\Handlers\FileHandler' driver.
INFO - 2023-12-13 23:18:36 --> Session: Class initialized using 'CodeIgniter\Session\Handlers\FileHandler' driver.
INFO - 2023-12-13 23:18:51 --> Session: Class initialized using 'CodeIgniter\Session\Handlers\FileHandler' driver.
INFO - 2023-12-13 23:19:07 --> Session: Class initialized using 'CodeIgniter\Session\Handlers\FileHandler' driver.
INFO - 2023-12-13 23:19:40 --> Session: Class initialized using 'CodeIgniter\Session\Handlers\FileHandler' driver.
INFO - 2023-12-13 23:19:42 --> Session: Class initialized using 'CodeIgniter\Session\Handlers\FileHandler' driver.
INFO - 2023-12-13 23:19:57 --> Session: Class initialized using 'CodeIgniter\Session\Handlers\FileHandler' driver.
INFO - 2023-12-13 23:20:18 --> Session: Class initialized using 'CodeIgniter\Session\Handlers\FileHandler' driver.
ERROR - 2023-12-13 23:21:08 --> mysqli_sql_exception: Duplicate entry 'luan@gmail.com' for key 'users.email' in C:\laragon\www\atividade04\system\Database\MySQLi\Connection.php:306
Stack trace:
#0 C:\laragon\www\atividade04\system\Database\MySQLi\Connection.php(306): mysqli->query('INSERT INTO use...', 0)
#1 C:\laragon\www\atividade04\system\Database\BaseConnection.php(693): CodeIgniter\Database\MySQLi\Connection->execute('INSERT INTO use...')
#2 C:\laragon\www\atividade04\system\Database\BaseConnection.php(607): CodeIgniter\Database\BaseConnection->simpleQuery('INSERT INTO use...')
#3 C:\laragon\www\atividade04\app\Models\UsersModel.php(22): CodeIgniter\Database\BaseConnection->query('INSERT INTO use...')
#4 C:\laragon\www\atividade04\app\Controllers\Home.php(19): App\Models\UsersModel->insertUser(Array, '202cb962ac59075...')
#5 C:\laragon\www\atividade04\system\CodeIgniter.php(942): App\Controllers\Home->insertUser()
#6 C:\laragon\www\atividade04\system\CodeIgniter.php(502): CodeIgniter\CodeIgniter->runController(Object(App\Controllers\Home))
#7 C:\laragon\www\atividade04\system\CodeIgniter.php(361): CodeIgniter\CodeIgniter->handleRequest(NULL, Object(Config\Cache), false)
#8 C:\laragon\www\atividade04\public\index.php(79): CodeIgniter\CodeIgniter->run()
#9 {main}
INFO - 2023-12-13 23:21:08 --> Session: Class initialized using 'CodeIgniter\Session\Handlers\FileHandler' driver.
CRITICAL - 2023-12-13 23:21:14 --> Undefined array key "senha"
in APPPATH\Controllers\Home.php on line 56.
 1 APPPATH\Controllers\Home.php(56): CodeIgniter\Debug\Exceptions->errorHandler(2, 'Undefined array key "senha"', 'C:\\laragon\\www\\atividade04\\app\\Controllers\\Home.php', 56)
 2 SYSTEMPATH\CodeIgniter.php(942): App\Controllers\Home->updateUser('17')
 3 SYSTEMPATH\CodeIgniter.php(502): CodeIgniter\CodeIgniter->runController(Object(App\Controllers\Home))
 4 SYSTEMPATH\CodeIgniter.php(361): CodeIgniter\CodeIgniter->handleRequest(null, Object(Config\Cache), false)
 5 FCPATH\index.php(79): CodeIgniter\CodeIgniter->run()
ERROR - 2023-12-13 23:21:28 --> mysqli_sql_exception: Duplicate entry 'luan@gmail.com' for key 'users.email' in C:\laragon\www\atividade04\system\Database\MySQLi\Connection.php:306
Stack trace:
#0 C:\laragon\www\atividade04\system\Database\MySQLi\Connection.php(306): mysqli->query('INSERT INTO use...', 0)
#1 C:\laragon\www\atividade04\system\Database\BaseConnection.php(693): CodeIgniter\Database\MySQLi\Connection->execute('INSERT INTO use...')
#2 C:\laragon\www\atividade04\system\Database\BaseConnection.php(607): CodeIgniter\Database\BaseConnection->simpleQuery('INSERT INTO use...')
#3 C:\laragon\www\atividade04\app\Models\UsersModel.php(22): CodeIgniter\Database\BaseConnection->query('INSERT INTO use...')
#4 C:\laragon\www\atividade04\app\Controllers\Home.php(19): App\Models\UsersModel->insertUser(Array, '202cb962ac59075...')
#5 C:\laragon\www\atividade04\system\CodeIgniter.php(942): App\Controllers\Home->insertUser()
#6 C:\laragon\www\atividade04\system\CodeIgniter.php(502): CodeIgniter\CodeIgniter->runController(Object(App\Controllers\Home))
#7 C:\laragon\www\atividade04\system\CodeIgniter.php(361): CodeIgniter\CodeIgniter->handleRequest(NULL, Object(Config\Cache), false)
#8 C:\laragon\www\atividade04\public\index.php(79): CodeIgniter\CodeIgniter->run()
#9 {main}
INFO - 2023-12-13 23:21:28 --> Session: Class initialized using 'CodeIgniter\Session\Handlers\FileHandler' driver.
